  main.cpp
I:\English_Project\EDA0.0\visualstudioeda2_1018\EDACompetition2024\myeda_kmean_limit\Project1\Project1\main.cpp(1,1): warning C4819: 该文件包含不能在当前代码页(936)中表示的字符。请将该文件保存为 Unicode 格式以防止数据丢失
I:\English_Project\EDA0.0\visualstudioeda2_1018\EDACompetition2024\myeda_kmean_limit\Project1\Project1\main.cpp(104,15): warning C4244: “参数”: 从“time_t”转换到“unsigned int”，可能丢失数据
I:\English_Project\EDA0.0\visualstudioeda2_1018\EDACompetition2024\myeda_kmean_limit\Project1\Project1\main.cpp(124,33): warning C4244: “初始化”: 从“float”转换到“int”，可能丢失数据
I:\English_Project\EDA0.0\visualstudioeda2_1018\EDACompetition2024\myeda_kmean_limit\Project1\Project1\main.cpp(124,27): warning C4244: “初始化”: 从“float”转换到“const int”，可能丢失数据
I:\English_Project\EDA0.0\visualstudioeda2_1018\EDACompetition2024\myeda_kmean_limit\Project1\Project1\main.cpp(125,43): warning C4244: “初始化”: 从“float”转换到“int”，可能丢失数据
I:\English_Project\EDA0.0\visualstudioeda2_1018\EDACompetition2024\myeda_kmean_limit\Project1\Project1\main.cpp(125,37): warning C4244: “初始化”: 从“float”转换到“const int”，可能丢失数据
I:\English_Project\EDA0.0\visualstudioeda2_1018\EDACompetition2024\myeda_kmean_limit\Project1\Project1\main.cpp(136,27): warning C4244: “=”: 从“float”转换到“int”，可能丢失数据
I:\English_Project\EDA0.0\visualstudioeda2_1018\EDACompetition2024\myeda_kmean_limit\Project1\Project1\main.cpp(147,53): warning C4267: “初始化”: 从“size_t”转换到“int”，可能丢失数据
I:\English_Project\EDA0.0\visualstudioeda2_1018\EDACompetition2024\myeda_kmean_limit\Project1\Project1\main.cpp(149,45): warning C4244: “参数”: 从“double”转换到“const unsigned __int64”，可能丢失数据
I:\English_Project\EDA0.0\visualstudioeda2_1018\EDACompetition2024\myeda_kmean_limit\Project1\Project1\main.cpp(160,83): warning C4244: “参数”: 从“double”转换到“int”，可能丢失数据
I:\English_Project\EDA0.0\visualstudioeda2_1018\EDACompetition2024\myeda_kmean_limit\Project1\Project1\main.cpp(205,27): warning C4244: “+=”: 从“const double”转换到“int”，可能丢失数据
I:\English_Project\EDA0.0\visualstudioeda2_1018\EDACompetition2024\myeda_kmean_limit\Project1\Project1\main.cpp(206,27): warning C4244: “+=”: 从“const double”转换到“int”，可能丢失数据
I:\English_Project\EDA0.0\visualstudioeda2_1018\EDACompetition2024\myeda_kmean_limit\Project1\Project1\main.cpp(208,50): warning C4267: “初始化”: 从“size_t”转换到“int”，可能丢失数据
I:\English_Project\EDA0.0\visualstudioeda2_1018\EDACompetition2024\myeda_kmean_limit\Project1\Project1\main.cpp(209,50): warning C4267: “初始化”: 从“size_t”转换到“int”，可能丢失数据
I:\English_Project\EDA0.0\visualstudioeda2_1018\EDACompetition2024\myeda_kmean_limit\Project1\Project1\main.cpp(305,27): warning C4244: “+=”: 从“const double”转换到“int”，可能丢失数据
I:\English_Project\EDA0.0\visualstudioeda2_1018\EDACompetition2024\myeda_kmean_limit\Project1\Project1\main.cpp(306,27): warning C4244: “+=”: 从“const double”转换到“int”，可能丢失数据
I:\English_Project\EDA0.0\visualstudioeda2_1018\EDACompetition2024\myeda_kmean_limit\Project1\Project1\main.cpp(308,55): warning C4267: “初始化”: 从“size_t”转换到“int”，可能丢失数据
I:\English_Project\EDA0.0\visualstudioeda2_1018\EDACompetition2024\myeda_kmean_limit\Project1\Project1\main.cpp(309,55): warning C4267: “初始化”: 从“size_t”转换到“int”，可能丢失数据
  writefile.cpp
I:\English_Project\EDA0.0\visualstudioeda2_1018\EDACompetition2024\myeda_kmean_limit\Project1\Project1\writefile.cpp(32,35): warning C4244: “=”: 从“double”转换到“int”，可能丢失数据
I:\English_Project\EDA0.0\visualstudioeda2_1018\EDACompetition2024\myeda_kmean_limit\Project1\Project1\writefile.cpp(33,37): warning C4244: “=”: 从“double”转换到“int”，可能丢失数据
I:\English_Project\EDA0.0\visualstudioeda2_1018\EDACompetition2024\myeda_kmean_limit\Project1\Project1\writefile.cpp(45,37): warning C4244: “=”: 从“double”转换到“int”，可能丢失数据
I:\English_Project\EDA0.0\visualstudioeda2_1018\EDACompetition2024\myeda_kmean_limit\Project1\Project1\writefile.cpp(46,39): warning C4244: “=”: 从“double”转换到“int”，可能丢失数据
  正在生成代码...
  Project1.vcxproj -> I:\English_Project\EDA0.0\visualstudioeda2_1018\EDACompetition2024\myeda_kmean_limit\Project1\x64\Debug\Project1.exe
